<?xml version="1.0" encoding="UTF-8"?>
<!-- Generated by org.testng.reporters.JUnitReportReporter -->
<testsuite skipped="0" hostname="DESKTOP-3FO53C9" name="com.OmayaBlog.Testcases.OmayaBlog2" tests="2" failures="0" timestamp="2022-12-25T19:19:56 IST" time="28.111" errors="0">
  <testcase name="fourthtestcase" time="14.811" classname="com.OmayaBlog.Testcases.OmayaBlog2"/>
  <testcase name="thirdtestcase" time="13.300" classname="com.OmayaBlog.Testcases.OmayaBlog2"/>
</testsuite> <!-- com.OmayaBlog.Testcases.OmayaBlog2 -->
