<?xml version="1.0" encoding="UTF-8"?>
<!-- Generated by org.testng.reporters.JUnitReportReporter -->
<testsuite skipped="0" hostname="DESKTOP-3FO53C9" name="com.OmayaBlog.Testcases.OmayaBlog1" tests="2" failures="0" timestamp="2022-12-25T18:43:21 IST" time="28.924" errors="0">
  <testcase name="secondtestcase" time="13.617" classname="com.OmayaBlog.Testcases.OmayaBlog1"/>
  <testcase name="Firsttestcase" time="15.307" classname="com.OmayaBlog.Testcases.OmayaBlog1"/>
</testsuite> <!-- com.OmayaBlog.Testcases.OmayaBlog1 -->
